<?xml version="1.0" encoding="UTF-8"?>
<!-- Generated by org.testng.reporters.JUnitReportReporter -->
<testsuite skipped="0" hostname="LAPTOP-MH795CF3" name="scripts.p1" tests="1" failures="0" timestamp="2023-01-20T18:07:42 IST" time="52.409" errors="0">
  <testcase name="sakshiHomePageCheckingSortedValues" time="52.409" classname="scripts.p1"/>
  <system-out/>
</testsuite> <!-- scripts.p1 -->
